<?xml version="1.0" encoding="UTF-8"?>
<!-- Generated by org.testng.reporters.JUnitReportReporter -->
<testsuite skipped="0" hostname="IBTL17" name="com.runner.ZooplaRunner" tests="1" failures="0" timestamp="06 Aug 2020 00:20:03 GMT" time="40.797" errors="0">
  <testcase name="runScenario" time="40.797" classname="com.runner.ZooplaRunner"/>
</testsuite> <!-- com.runner.ZooplaRunner -->
